2025-04-13T15:45:05.146804+0800 ERROR 令牌验证失败: Signature has expired
2025-04-13T15:45:05.148804+0800 ERROR 令牌验证失败: Signature has expired
2025-04-13T15:45:05.148804+0800 WARNING 无效或过期的令牌: eyJhbGciOi...
2025-04-13T15:45:05.149805+0800 ERROR 验证用户令牌时发生错误: 
2025-04-13T15:45:05.409308+0800 ERROR 令牌验证失败: Signature has expired
2025-04-13T15:45:05.410315+0800 ERROR 令牌验证失败: Signature has expired
2025-04-13T15:45:05.410315+0800 WARNING 无效或过期的令牌: eyJhbGciOi...
2025-04-13T15:45:05.410315+0800 ERROR 验证用户令牌时发生错误: 
2025-04-13T15:45:09.997676+0800 ERROR 令牌验证失败: Signature has expired
2025-04-13T15:45:09.999673+0800 ERROR 令牌验证失败: Signature has expired
2025-04-13T15:45:10.000670+0800 WARNING 无效或过期的令牌: eyJhbGciOi...
2025-04-13T15:45:10.000670+0800 ERROR 验证用户令牌时发生错误: 
2025-04-13T15:45:10.259876+0800 ERROR 令牌验证失败: Signature has expired
2025-04-13T15:45:10.260875+0800 ERROR 令牌验证失败: Signature has expired
2025-04-13T15:45:10.260875+0800 WARNING 无效或过期的令牌: eyJhbGciOi...
2025-04-13T15:45:10.260875+0800 ERROR 验证用户令牌时发生错误: 
2025-04-13T15:45:18.161778+0800 INFO 用户登录尝试: admin
2025-04-13T15:45:18.386534+0800 INFO 用户 admin 登录成功
2025-04-13T15:45:20.171779+0800 INFO 获取用户信息: admin
2025-04-13T15:45:20.480932+0800 INFO 获取用户信息: admin
2025-04-13T15:56:10.167841+0800 INFO 知识库 kb_20250411195238 没有历史报告记录
2025-04-13T15:56:10.482677+0800 INFO 知识库 kb_20250411195238 没有历史报告记录
2025-04-13T15:56:12.565752+0800 INFO 知识库 kb_20250411195238 的vectors目录不存在
2025-04-13T15:56:12.883774+0800 INFO 知识库 kb_20250411195238 没有索引文件
2025-04-13T15:56:15.590062+0800 INFO 知识库 kb_20250411195238 没有索引文件
2025-04-13T15:56:15.906415+0800 INFO 知识库 kb_20250411195238 没有索引文件
2025-04-13T15:56:18.847236+0800 INFO 知识库 kb_20250402122309 中没有文本文件
2025-04-13T15:56:18.849745+0800 INFO 知识库 kb_20250402122309 没有历史报告记录
2025-04-13T15:56:19.115530+0800 INFO 知识库 kb_20250402122309 中没有文本文件
2025-04-13T15:56:19.162795+0800 INFO 知识库 kb_20250402122309 没有历史报告记录
2025-04-13T15:56:20.017904+0800 INFO 知识库 kb_20250402122309 中没有文本文件
2025-04-13T15:56:20.031595+0800 INFO 知识库 kb_20250402122309 没有索引文件
2025-04-13T15:56:20.329619+0800 INFO 知识库 kb_20250402122309 中没有文本文件
2025-04-13T15:56:20.339678+0800 INFO 知识库 kb_20250402122309 没有索引文件
2025-04-13T15:56:20.405873+0800 INFO 知识库 kb_20250402122309 的chats目录不存在
2025-04-13T15:56:21.424227+0800 INFO 知识库 kb_20250401134516 没有历史报告记录
2025-04-13T15:56:21.733397+0800 INFO 知识库 kb_20250401134516 没有历史报告记录
2025-04-13T15:56:28.141036+0800 INFO 已备份当前活跃索引文件，共 2 个文件
2025-04-13T15:56:28.142548+0800 INFO 已激活索引 index_20250401192609
2025-04-13T15:56:28.144561+0800 INFO 已更新索引信息文件
2025-04-13T15:56:33.671516+0800 INFO 知识库 kb_20250411195238 没有历史报告记录
2025-04-13T15:56:33.981523+0800 INFO 知识库 kb_20250411195238 没有历史报告记录
2025-04-13T15:56:35.788619+0800 INFO 知识库 kb_20250411195238 没有索引文件
2025-04-13T15:56:35.794158+0800 INFO 知识库 kb_20250411195238 没有索引文件
2025-04-13T15:56:44.628677+0800 INFO 生成 1 个向量
2025-04-13T15:56:44.629768+0800 INFO 向量维度: 1024
2025-04-13T15:56:44.633507+0800 INFO 从临时目录加载选定的 1 个文本文件
2025-04-13T15:56:44.636150+0800 INFO 加载文本目录: G:\FloodReport\data\knowledge_bases\kb_20250411195238\temp_build
2025-04-13T15:56:44.638022+0800 DEBUG 处理文件: G:\FloodReport\data\knowledge_bases\kb_20250411195238\temp_build\多省市遭遇洪灾！为何今年暴雨格外猛？一文看懂_腾讯新闻_233733.txt
2025-04-13T15:56:44.649375+0800 DEBUG 添加原始文本事件: 今年6月以来，我国已全面进入汛期，部分地区遭遇强降雨过程，多地河流发生超过警戒水位以上的洪水，导致一些城市出现内涝，村庄农田被淹，有的地方还出现了泥石流等地质灾害，防汛形势严峻。全国水雨情信息网显示，...
2025-04-13T15:56:44.650380+0800 DEBUG 添加事件: 7月4日 - 7日 长江中下游干流沿线 持续出现暴雨到大暴雨 value: 累计雨量100～250毫米，湖南西北部、湖北东南部、安徽南部、江西北部等地部分地区300～500毫米，湖北黄冈局地超过800毫米
2025-04-13T15:56:44.650380+0800 DEBUG 添加事件: 7月7日08时至8日08时 江西鄱阳县莲花山乡 日最大降雨量 value: 538毫米
2025-04-13T15:56:44.651380+0800 DEBUG 添加事件: 7月6日8时至8日8时 江西41县的1575个站点  value: 超过100毫米
2025-04-13T15:56:44.651380+0800 DEBUG 添加事件: 7日 - 8日 岳阳市城区 均突破了岳阳市自1952年有气象记录以来的最高值 value: 24小时最大点降雨量261.4毫米，6小时最大点降雨量167.0毫米
2025-04-13T15:56:44.652385+0800 DEBUG 添加事件: 7月7日晚开始 湘西州多地 普降暴雨 value: 未知
2025-04-13T15:56:44.652385+0800 DEBUG 添加事件: 6月1日 - 7月7日 长江中下游地区 为1961年以来第2多 value: 长江流域平均降水量346.9毫米
2025-04-13T15:56:44.653111+0800 DEBUG 添加事件: 5月29日 - 7月8日 浙江新安江流域 总降水量，是多年均值的2.64倍 value: 986毫米
2025-04-13T15:56:44.653638+0800 DEBUG 添加事件: 7月9日08时至10日08时 江西中北部、福建中北部、浙江南部、湖南西南部和东部、贵州东南部、广西北部、云南西部和东北部、四川南部以及华北南部等地 伴有短时强降水（最大小时降雨量40～60毫米，局地可超过70毫米），局地有雷暴大风等强对流天气 value: 大到暴雨，其中江西中部、福建西北部、湖南西南部等地的部分地区有大暴雨，局地特大暴雨（250～280毫米）
2025-04-13T15:56:44.653638+0800 DEBUG 添加事件: 7月3日 多省市 降雨量261.4毫米 value: 261.4毫米
2025-04-13T15:56:44.654195+0800 DEBUG 添加事件: 7月3日 多省市 降雨量280毫米 value: 280毫米
2025-04-13T15:56:44.654195+0800 DEBUG 添加事件: 7月3日 多省市 降雨量250毫米 value: 250毫米
2025-04-13T15:56:44.654195+0800 DEBUG 添加事件: 7月3日 多省市 降雨量346.9毫米 value: 346.9毫米
2025-04-13T15:56:44.655202+0800 DEBUG 添加事件: 7月3日 多省市 降雨量60毫米 value: 60毫米
2025-04-13T15:56:44.655202+0800 DEBUG 添加事件: 7月3日 多省市 降雨量500毫米 value: 500毫米
2025-04-13T15:56:44.655744+0800 DEBUG 添加事件: 7月3日 多省市 降雨量167.0毫米 value: 167.0毫米
2025-04-13T15:56:44.656269+0800 DEBUG 添加事件: 7月3日 多省市 降雨量100毫米 value: 100毫米
2025-04-13T15:56:44.656269+0800 DEBUG 添加事件: 截至7日中午 长江沿线多河段  water_level: 超警 flow_rate: 未知
2025-04-13T15:56:44.656800+0800 DEBUG 添加事件: 7月8日15时 长江大通站  water_level: 15.04米（超警戒水位0.64米） flow_rate: 未知
2025-04-13T15:56:44.657325+0800 DEBUG 添加事件: 7月8日15时 巢湖忠庙站  water_level: 10.76米（超警戒水位0.26米） flow_rate: 未知
2025-04-13T15:56:44.657325+0800 DEBUG 添加事件: 7月8日15时 水阳江新河庄站  water_level: 13.54米（超保证水位0.54米） flow_rate: 未知
2025-04-13T15:56:44.667506+0800 DEBUG 添加事件: 7月6日8时至8日8时 江西全省河流  water_level: 超警戒站点数23个，景德镇市浮梁县浮梁镇樟树坑超警戒水位5.96米，景德镇市昌江区新枫街道渡峰坑超警戒水位4.54米 flow_rate: 未知
2025-04-13T15:56:44.668043+0800 DEBUG 添加事件: 7月8日 江西省九江市都昌县大港镇盐田中学 救援人员冒雨将学生们转移 water_level: 未知 flow_rate: 未知
2025-04-13T15:56:44.669096+0800 DEBUG 添加事件: 7月8日 湖南省湘西土家族苗族自治州吉首市人民中路与丹桂路口 大雨造成路面积水 water_level: 未知 flow_rate: 未知
2025-04-13T15:56:44.669096+0800 DEBUG 添加事件: 7月8日 江西南昌市湾里管理局中堡水系  water_level: 上涨 flow_rate: 未知
2025-04-13T15:56:44.670105+0800 DEBUG 添加事件: 7月7日19时 - 8日9时 浙江新安江流域、新安江水库 出现了水库建成61年来首次9孔全开 water_level: 水库水位达到历史最高值108.45米 flow_rate: 入库流量大于出库流量，8日9时9孔全开泄洪
2025-04-13T15:56:44.670726+0800 DEBUG 添加事件: 7月3日 多省市 水位4.54米 water_level: 4.54米 flow_rate: 未知
2025-04-13T15:56:44.670726+0800 DEBUG 添加事件: 7月3日 多省市 水位0.64米 water_level: 0.64米 flow_rate: 未知
2025-04-13T15:56:44.671252+0800 DEBUG 添加事件: 7月3日 多省市 水位13.54米 water_level: 13.54米 flow_rate: 未知
2025-04-13T15:56:44.671790+0800 DEBUG 添加事件: 7月3日 多省市 水位0.54米 water_level: 0.54米 flow_rate: 未知
2025-04-13T15:56:44.671790+0800 DEBUG 添加事件: 7月3日 多省市 水位108.45米 water_level: 108.45米 flow_rate: 未知
2025-04-13T15:56:44.671790+0800 DEBUG 添加事件: 7月3日 多省市 水位5.96米 water_level: 5.96米 flow_rate: 未知
2025-04-13T15:56:44.672799+0800 DEBUG 添加事件: 7月3日 多省市 水位108.37米 water_level: 108.37米 flow_rate: 未知
2025-04-13T15:56:44.672799+0800 DEBUG 添加事件: 7月3日 多省市 水位15.04米 water_level: 15.04米 flow_rate: 未知
2025-04-13T15:56:44.672799+0800 DEBUG 添加事件: 7月3日 多省市 水位0.26米 water_level: 0.26米 flow_rate: 未知
2025-04-13T15:56:44.673796+0800 DEBUG 添加事件: 7月3日 多省市 水位10.76米 water_level: 10.76米 flow_rate: 未知
2025-04-13T15:56:44.673796+0800 DEBUG 添加事件: 7月7日 安徽歙县 遭遇特大洪涝灾害，县城多处洪水“上路”、严重积水、道路受阻 affected_area: 未知 population: 未知 economic_loss: 未知
2025-04-13T15:56:44.674576+0800 DEBUG 添加事件: 7月7日上午 安徽黄山屯溪老大桥 被洪水冲垮毁坏 affected_area: 未知 population: 未知 economic_loss: 未知
2025-04-13T15:56:44.674576+0800 DEBUG 添加事件: 7月7日晚开始 湘西州吉首市、永顺县、保靖县、泸溪县等地 多地普降暴雨，河水猛涨 affected_area: 沿河稻田被淹，部分城区积水 population: 未知 economic_loss: 未知
2025-04-13T15:56:44.681920+0800 DEBUG 添加事件: 7月8日凌晨4时许 湖北黄梅县大河镇袁山村3组 突发山体滑坡，已找到8人，其中7人死亡，最后1名被埋人员正在全力救援 affected_area: 未知 population: 9人被埋 economic_loss: 未知
2025-04-13T15:56:44.682926+0800 DEBUG 添加事件: 7月7日 安徽歙县 遭遇50年一遇的洪涝灾害，县城多处洪水上路、严重积水，部分地势低洼路段积水深度达1米左右，原定7月7日语文、数学科目考试延期举行，于9日补考 affected_area: 未知 population: 大部分考生未能在上午抵达考场 economic_loss: 未知
2025-04-13T15:56:44.682926+0800 DEBUG 添加事件: 截至7月3日9时 26个省区市 今年以来洪涝灾害情况 affected_area: 未知 population: 1938万人次受灾，87.5万人次紧急转移安置 economic_loss: 416.4亿元
2025-04-13T15:56:44.682926+0800 DEBUG 添加事件: 7月7日19时 浙江钱塘江流域 浙江省防指启动钱塘江流域防汛Ⅰ级应急响应，流域沿线开始紧急转移低洼地势地区群众
2025-04-13T15:56:44.683926+0800 DEBUG 添加事件: 7月3日 多省市 发布中小河流洪水气象风险预警
2025-04-13T15:56:44.683926+0800 DEBUG 添加事件: 7月3日 多省市 启动钱塘江流域防汛Ⅰ级应急响应
2025-04-13T15:56:44.684634+0800 DEBUG 添加事件: 7月3日 多省市 启动城市防汛I级响应7日至8日，岳阳市城区的24小时最大点降雨量（261.4毫米）和6小时最大点降雨量（167.0毫米），均突破了岳阳市自1952年有气象记录以来的最高值。7月7日晚开始，湘西州多地普降暴雨，吉首市、永顺县、保靖县、泸溪县等多地受影响，河水猛涨，沿河稻田被淹，部分城区积水。7月8日，在湖南省湘西土家族苗族自治州吉首市人民中路与丹桂路口，大雨造成路面积水——浙江：启动钱塘江流域防汛Ⅰ级应急响应
2025-04-13T15:56:44.685139+0800 DEBUG 添加事件: 7月3日 多省市 转移——湖南：岳阳启动城市防汛I级响应7日至8日，岳阳市城区的24小时最大点降雨量（261.4毫米）和6小时最大点降雨量（167.0毫米），均突破了岳阳市自1952年有气象记录以来的最高值。7月7日晚开始，湘西州多地普降暴雨，吉首市、永顺县、保靖县、泸溪县等多地受影响，河水猛涨，沿河稻田被淹，部分城区积水。7月8日，在湖南省湘西土家族苗族自治州吉首市人民中路与丹桂路口，大雨造成路面积水——浙江：启动钱塘江流域防汛Ⅰ级应急响应浙江省防指7月7日19时启动钱塘江流域防汛Ⅰ级应急响应，流域沿线开始紧急转移低洼地势地区群众
2025-04-13T15:56:44.685666+0800 DEBUG 添加事件: 7月3日 多省市 救援人员
2025-04-13T15:56:44.686197+0800 DEBUG 添加事件: 7月3日 多省市 发布暴雨橙色预警
2025-04-13T15:56:44.686197+0800 DEBUG 添加事件: 7月3日 多省市 发布于广东金羊网官方账号+关注文本整合/羊城晚报全媒体记者 吴瑕今年6月以来，我国已全面进入汛期，部分地区遭遇强降雨过程，多地河流发生超过警戒水位以上的洪水，导致一些城市出现内涝，村庄农田被淹，有的地方还出现了泥石流等地质灾害，防汛形势严峻。全国水雨情信息网显示，截至7日中午，长江沿线多河段超警。【现象】暴雨凶猛，洪涝四起中央气象台近一个多月连发暴雨预警
2025-04-13T15:56:44.686197+0800 DEBUG 添加事件: 7月3日 多省市 救援。救援人员
2025-04-13T15:56:44.687205+0800 INFO 加载完成，共处理 51 个事件
2025-04-13T15:56:44.688209+0800 INFO 构建索引
2025-04-13T15:56:44.698529+0800 WARNING 文本长度超过 2048，截断: 今年6月以来，我国已全面进入汛期，部分地区遭遇强降雨过程，多地河流发生超过警戒水位以上的洪水，导致一...
2025-04-13T15:56:44.938360+0800 ERROR 嵌入模型调用失败: <400> InternalError.Algo.InvalidParameter: Value error, batch size is invalid, it should not be larger than 10.: input.contents
2025-04-13T15:56:44.938360+0800 ERROR 嵌入生成失败，嵌入结果为空
2025-04-13T15:56:44.944642+0800 INFO 索引 index_20250413155644 创建成功，包含 51 个向量
2025-04-13T15:56:47.487244+0800 INFO 已激活索引 index_20250413155644
2025-04-13T15:56:47.488241+0800 INFO 已更新索引信息文件
2025-04-13T15:56:55.853540+0800 INFO 知识库 kb_20250411195238 没有历史报告记录
2025-04-13T15:56:56.178395+0800 INFO 知识库 kb_20250411195238 没有历史报告记录
2025-04-13T16:14:30.242000+0800 INFO 知识库 kb_20250411195238 没有历史报告记录
2025-04-13T16:14:30.563996+0800 INFO 知识库 kb_20250411195238 没有历史报告记录
2025-04-13T16:19:18.561310+0800 INFO 知识库 kb_20250411195238 没有历史报告记录
2025-04-13T16:19:18.868516+0800 INFO 知识库 kb_20250411195238 没有历史报告记录
